[2026-01-29T08:39:19.637165+00:00] main.ERROR: {"feed":"undefined","operation":"undefined","status":"Cannot set indexer to Update On Schedule mode: Missing required argument $data of Magento\\CatalogSearch\\Model\\Indexer\\Fulltext.","elapsed":"00:00:00 121 ms","pid":"37588","caller":"bin\/magento setup:install --base-url=http:\/\/localhost\/magento2\/ --db-host=localhost --db-name=magento --db-user=nayexuan"} {"indexer":"catalogsearch_fulltext","exception":"[object] (BadMethodCallException(code: 0): Missing required argument $data of Magento\\CatalogSearch\\Model\\Indexer\\Fulltext. at /var/www/html/magento2/Magento_Open_Source/vendor/magento/framework/ObjectManager/Factory/AbstractFactory.php:264)"} []
[2026-01-29T08:39:19.744064+00:00] main.ERROR: {"feed":"undefined","operation":"undefined","status":"Cannot set indexer to Update On Schedule mode: SQLSTATE[HY000]: General error: 1419 You do not have the SUPER privilege and binary logging is enabled (you *might* want to use the less safe log_bin_trust_function_creators variable), query was: CREATE TRIGGER trg_sales_order_after_insert AFTER INSERT ON sales_order FOR EACH ROW
BEGIN
INSERT IGNORE INTO `sales_order_data_exporter_cl` (`entity_id`) VALUES (NEW.`entity_id`);
END","elapsed":"00:00:00 228 ms","pid":"37588","caller":"bin\/magento setup:install --base-url=http:\/\/localhost\/magento2\/ --db-host=localhost --db-name=magento --db-user=nayexuan"} {"indexer":"sales_order_data_exporter","exception":"[object] (Zend_Db_Statement_Exception(code: 0): SQLSTATE[HY000]: General error: 1419 You do not have the SUPER privilege and binary logging is enabled (you *might* want to use the less safe log_bin_trust_function_creators variable), query was: CREATE TRIGGER trg_sales_order_after_insert AFTER INSERT ON sales_order FOR EACH ROW
BEGIN
INSERT IGNORE INTO `sales_order_data_exporter_cl` (`entity_id`) VALUES (NEW.`entity_id`);
END at /var/www/html/magento2/Magento_Open_Source/vendor/magento/framework/DB/Statement/Pdo/Mysql.php:109)
[previous exception] [object] (PDOException(code: HY000): SQLSTATE[HY000]: General error: 1419 You do not have the SUPER privilege and binary logging is enabled (you *might* want to use the less safe log_bin_trust_function_creators variable) at /var/www/html/magento2/Magento_Open_Source/vendor/magento/framework/DB/Statement/Pdo/Mysql.php:90)"} []
[2026-01-29T08:39:19.846280+00:00] main.ERROR: {"feed":"undefined","operation":"undefined","status":"Cannot set indexer to Update On Schedule mode: SQLSTATE[HY000]: General error: 1419 You do not have the SUPER privilege and binary logging is enabled (you *might* want to use the less safe log_bin_trust_function_creators variable), query was: CREATE TRIGGER trg_sales_order_status_after_insert AFTER INSERT ON sales_order_status FOR EACH ROW
BEGIN
INSERT IGNORE INTO `sales_order_status_data_exporter_cl` (`entity_id`) VALUES (NEW.`status`);
END","elapsed":"00:00:00 330 ms","pid":"37588","caller":"bin\/magento setup:install --base-url=http:\/\/localhost\/magento2\/ --db-host=localhost --db-name=magento --db-user=nayexuan"} {"indexer":"sales_order_status_data_exporter","exception":"[object] (Zend_Db_Statement_Exception(code: 0): SQLSTATE[HY000]: General error: 1419 You do not have the SUPER privilege and binary logging is enabled (you *might* want to use the less safe log_bin_trust_function_creators variable), query was: CREATE TRIGGER trg_sales_order_status_after_insert AFTER INSERT ON sales_order_status FOR EACH ROW
BEGIN
INSERT IGNORE INTO `sales_order_status_data_exporter_cl` (`entity_id`) VALUES (NEW.`status`);
END at /var/www/html/magento2/Magento_Open_Source/vendor/magento/framework/DB/Statement/Pdo/Mysql.php:109)
[previous exception] [object] (PDOException(code: HY000): SQLSTATE[HY000]: General error: 1419 You do not have the SUPER privilege and binary logging is enabled (you *might* want to use the less safe log_bin_trust_function_creators variable) at /var/www/html/magento2/Magento_Open_Source/vendor/magento/framework/DB/Statement/Pdo/Mysql.php:90)"} []
[2026-01-29T08:39:19.890145+00:00] main.ERROR: {"feed":"undefined","operation":"undefined","status":"Cannot set indexer to Update On Schedule mode: SQLSTATE[HY000]: General error: 1419 You do not have the SUPER privilege and binary logging is enabled (you *might* want to use the less safe log_bin_trust_function_creators variable), query was: CREATE TRIGGER trg_store_after_insert AFTER INSERT ON store FOR EACH ROW
BEGIN
INSERT IGNORE INTO `store_data_exporter_cl` (`entity_id`) VALUES (NEW.`website_id`);
END","elapsed":"00:00:00 374 ms","pid":"37588","caller":"bin\/magento setup:install --base-url=http:\/\/localhost\/magento2\/ --db-host=localhost --db-name=magento --db-user=nayexuan"} {"indexer":"store_data_exporter","exception":"[object] (Zend_Db_Statement_Exception(code: 0): SQLSTATE[HY000]: General error: 1419 You do not have the SUPER privilege and binary logging is enabled (you *might* want to use the less safe log_bin_trust_function_creators variable), query was: CREATE TRIGGER trg_store_after_insert AFTER INSERT ON store FOR EACH ROW
BEGIN
INSERT IGNORE INTO `store_data_exporter_cl` (`entity_id`) VALUES (NEW.`website_id`);
END at /var/www/html/magento2/Magento_Open_Source/vendor/magento/framework/DB/Statement/Pdo/Mysql.php:109)
[previous exception] [object] (PDOException(code: HY000): SQLSTATE[HY000]: General error: 1419 You do not have the SUPER privilege and binary logging is enabled (you *might* want to use the less safe log_bin_trust_function_creators variable) at /var/www/html/magento2/Magento_Open_Source/vendor/magento/framework/DB/Statement/Pdo/Mysql.php:90)"} []
[2026-01-29T08:56:10.410115+00:00] main.ERROR: {"feed":"undefined","operation":"undefined","status":"Cannot set indexer to Update On Schedule mode: Missing required argument $data of Magento\\CatalogSearch\\Model\\Indexer\\Fulltext.","elapsed":"657 ms","pid":"39196","caller":"bin\/magento setup:install --base-url=http:\/\/localhost\/magento2\/ --db-host=localhost --db-name=magento --db-user=nayexuan"} {"indexer":"catalogsearch_fulltext","exception":"[object] (BadMethodCallException(code: 0): Missing required argument $data of Magento\\CatalogSearch\\Model\\Indexer\\Fulltext. at /var/www/html/magento2/Magento_Open_Source/vendor/magento/framework/ObjectManager/Factory/AbstractFactory.php:264)"} []
[2026-01-29T08:56:10.439297+00:00] main.ERROR: {"feed":"undefined","operation":"undefined","status":"Cannot set indexer to Update On Schedule mode: SQLSTATE[HY000]: General error: 1419 You do not have the SUPER privilege and binary logging is enabled (you *might* want to use the less safe log_bin_trust_function_creators variable), query was: CREATE TRIGGER trg_sales_order_after_insert AFTER INSERT ON sales_order FOR EACH ROW
BEGIN
INSERT IGNORE INTO `sales_order_data_exporter_cl` (`entity_id`) VALUES (NEW.`entity_id`);
END","elapsed":"687 ms","pid":"39196","caller":"bin\/magento setup:install --base-url=http:\/\/localhost\/magento2\/ --db-host=localhost --db-name=magento --db-user=nayexuan"} {"indexer":"sales_order_data_exporter","exception":"[object] (Zend_Db_Statement_Exception(code: 0): SQLSTATE[HY000]: General error: 1419 You do not have the SUPER privilege and binary logging is enabled (you *might* want to use the less safe log_bin_trust_function_creators variable), query was: CREATE TRIGGER trg_sales_order_after_insert AFTER INSERT ON sales_order FOR EACH ROW
BEGIN
INSERT IGNORE INTO `sales_order_data_exporter_cl` (`entity_id`) VALUES (NEW.`entity_id`);
END at /var/www/html/magento2/Magento_Open_Source/vendor/magento/framework/DB/Statement/Pdo/Mysql.php:109)
[previous exception] [object] (PDOException(code: HY000): SQLSTATE[HY000]: General error: 1419 You do not have the SUPER privilege and binary logging is enabled (you *might* want to use the less safe log_bin_trust_function_creators variable) at /var/www/html/magento2/Magento_Open_Source/vendor/magento/framework/DB/Statement/Pdo/Mysql.php:90)"} []
[2026-01-29T08:56:10.452632+00:00] main.ERROR: {"feed":"undefined","operation":"undefined","status":"Cannot set indexer to Update On Schedule mode: SQLSTATE[HY000]: General error: 1419 You do not have the SUPER privilege and binary logging is enabled (you *might* want to use the less safe log_bin_trust_function_creators variable), query was: CREATE TRIGGER trg_sales_order_status_after_insert AFTER INSERT ON sales_order_status FOR EACH ROW
BEGIN
INSERT IGNORE INTO `sales_order_status_data_exporter_cl` (`entity_id`) VALUES (NEW.`status`);
END","elapsed":"700 ms","pid":"39196","caller":"bin\/magento setup:install --base-url=http:\/\/localhost\/magento2\/ --db-host=localhost --db-name=magento --db-user=nayexuan"} {"indexer":"sales_order_status_data_exporter","exception":"[object] (Zend_Db_Statement_Exception(code: 0): SQLSTATE[HY000]: General error: 1419 You do not have the SUPER privilege and binary logging is enabled (you *might* want to use the less safe log_bin_trust_function_creators variable), query was: CREATE TRIGGER trg_sales_order_status_after_insert AFTER INSERT ON sales_order_status FOR EACH ROW
BEGIN
INSERT IGNORE INTO `sales_order_status_data_exporter_cl` (`entity_id`) VALUES (NEW.`status`);
END at /var/www/html/magento2/Magento_Open_Source/vendor/magento/framework/DB/Statement/Pdo/Mysql.php:109)
[previous exception] [object] (PDOException(code: HY000): SQLSTATE[HY000]: General error: 1419 You do not have the SUPER privilege and binary logging is enabled (you *might* want to use the less safe log_bin_trust_function_creators variable) at /var/www/html/magento2/Magento_Open_Source/vendor/magento/framework/DB/Statement/Pdo/Mysql.php:90)"} []
[2026-01-29T08:56:10.460223+00:00] main.ERROR: {"feed":"undefined","operation":"undefined","status":"Cannot set indexer to Update On Schedule mode: SQLSTATE[HY000]: General error: 1419 You do not have the SUPER privilege and binary logging is enabled (you *might* want to use the less safe log_bin_trust_function_creators variable), query was: CREATE TRIGGER trg_store_after_insert AFTER INSERT ON store FOR EACH ROW
BEGIN
INSERT IGNORE INTO `store_data_exporter_cl` (`entity_id`) VALUES (NEW.`website_id`);
END","elapsed":"707 ms","pid":"39196","caller":"bin\/magento setup:install --base-url=http:\/\/localhost\/magento2\/ --db-host=localhost --db-name=magento --db-user=nayexuan"} {"indexer":"store_data_exporter","exception":"[object] (Zend_Db_Statement_Exception(code: 0): SQLSTATE[HY000]: General error: 1419 You do not have the SUPER privilege and binary logging is enabled (you *might* want to use the less safe log_bin_trust_function_creators variable), query was: CREATE TRIGGER trg_store_after_insert AFTER INSERT ON store FOR EACH ROW
BEGIN
INSERT IGNORE INTO `store_data_exporter_cl` (`entity_id`) VALUES (NEW.`website_id`);
END at /var/www/html/magento2/Magento_Open_Source/vendor/magento/framework/DB/Statement/Pdo/Mysql.php:109)
[previous exception] [object] (PDOException(code: HY000): SQLSTATE[HY000]: General error: 1419 You do not have the SUPER privilege and binary logging is enabled (you *might* want to use the less safe log_bin_trust_function_creators variable) at /var/www/html/magento2/Magento_Open_Source/vendor/magento/framework/DB/Statement/Pdo/Mysql.php:90)"} []
[2026-01-29T08:57:31.784367+00:00] main.ERROR: {"feed":"undefined","operation":"undefined","status":"Cannot set indexer to Update On Schedule mode: Missing required argument $data of Magento\\CatalogSearch\\Model\\Indexer\\Fulltext.","elapsed":"00:00:00 406 ms","pid":"39248","caller":"bin\/magento setup:install --base-url=http:\/\/localhost\/magento2\/ --db-host=localhost --db-name=magento --db-user=nayexuan"} {"indexer":"catalogsearch_fulltext","exception":"[object] (BadMethodCallException(code: 0): Missing required argument $data of Magento\\CatalogSearch\\Model\\Indexer\\Fulltext. at /var/www/html/magento2/Magento_Open_Source/vendor/magento/framework/ObjectManager/Factory/AbstractFactory.php:264)"} []
[2026-01-29T08:57:31.803721+00:00] main.ERROR: {"feed":"undefined","operation":"undefined","status":"Cannot set indexer to Update On Schedule mode: SQLSTATE[HY000]: General error: 1419 You do not have the SUPER privilege and binary logging is enabled (you *might* want to use the less safe log_bin_trust_function_creators variable), query was: CREATE TRIGGER trg_sales_order_after_insert AFTER INSERT ON sales_order FOR EACH ROW
BEGIN
INSERT IGNORE INTO `sales_order_data_exporter_cl` (`entity_id`) VALUES (NEW.`entity_id`);
END","elapsed":"00:00:00 425 ms","pid":"39248","caller":"bin\/magento setup:install --base-url=http:\/\/localhost\/magento2\/ --db-host=localhost --db-name=magento --db-user=nayexuan"} {"indexer":"sales_order_data_exporter","exception":"[object] (Zend_Db_Statement_Exception(code: 0): SQLSTATE[HY000]: General error: 1419 You do not have the SUPER privilege and binary logging is enabled (you *might* want to use the less safe log_bin_trust_function_creators variable), query was: CREATE TRIGGER trg_sales_order_after_insert AFTER INSERT ON sales_order FOR EACH ROW
BEGIN
INSERT IGNORE INTO `sales_order_data_exporter_cl` (`entity_id`) VALUES (NEW.`entity_id`);
END at /var/www/html/magento2/Magento_Open_Source/vendor/magento/framework/DB/Statement/Pdo/Mysql.php:109)
[previous exception] [object] (PDOException(code: HY000): SQLSTATE[HY000]: General error: 1419 You do not have the SUPER privilege and binary logging is enabled (you *might* want to use the less safe log_bin_trust_function_creators variable) at /var/www/html/magento2/Magento_Open_Source/vendor/magento/framework/DB/Statement/Pdo/Mysql.php:90)"} []
[2026-01-29T08:57:31.823680+00:00] main.ERROR: {"feed":"undefined","operation":"undefined","status":"Cannot set indexer to Update On Schedule mode: SQLSTATE[HY000]: General error: 1419 You do not have the SUPER privilege and binary logging is enabled (you *might* want to use the less safe log_bin_trust_function_creators variable), query was: CREATE TRIGGER trg_sales_order_status_after_insert AFTER INSERT ON sales_order_status FOR EACH ROW
BEGIN
INSERT IGNORE INTO `sales_order_status_data_exporter_cl` (`entity_id`) VALUES (NEW.`status`);
END","elapsed":"00:00:00 445 ms","pid":"39248","caller":"bin\/magento setup:install --base-url=http:\/\/localhost\/magento2\/ --db-host=localhost --db-name=magento --db-user=nayexuan"} {"indexer":"sales_order_status_data_exporter","exception":"[object] (Zend_Db_Statement_Exception(code: 0): SQLSTATE[HY000]: General error: 1419 You do not have the SUPER privilege and binary logging is enabled (you *might* want to use the less safe log_bin_trust_function_creators variable), query was: CREATE TRIGGER trg_sales_order_status_after_insert AFTER INSERT ON sales_order_status FOR EACH ROW
BEGIN
INSERT IGNORE INTO `sales_order_status_data_exporter_cl` (`entity_id`) VALUES (NEW.`status`);
END at /var/www/html/magento2/Magento_Open_Source/vendor/magento/framework/DB/Statement/Pdo/Mysql.php:109)
[previous exception] [object] (PDOException(code: HY000): SQLSTATE[HY000]: General error: 1419 You do not have the SUPER privilege and binary logging is enabled (you *might* want to use the less safe log_bin_trust_function_creators variable) at /var/www/html/magento2/Magento_Open_Source/vendor/magento/framework/DB/Statement/Pdo/Mysql.php:90)"} []
[2026-01-29T08:57:31.831074+00:00] main.ERROR: {"feed":"undefined","operation":"undefined","status":"Cannot set indexer to Update On Schedule mode: SQLSTATE[HY000]: General error: 1419 You do not have the SUPER privilege and binary logging is enabled (you *might* want to use the less safe log_bin_trust_function_creators variable), query was: CREATE TRIGGER trg_store_after_insert AFTER INSERT ON store FOR EACH ROW
BEGIN
INSERT IGNORE INTO `store_data_exporter_cl` (`entity_id`) VALUES (NEW.`website_id`);
END","elapsed":"00:00:00 453 ms","pid":"39248","caller":"bin\/magento setup:install --base-url=http:\/\/localhost\/magento2\/ --db-host=localhost --db-name=magento --db-user=nayexuan"} {"indexer":"store_data_exporter","exception":"[object] (Zend_Db_Statement_Exception(code: 0): SQLSTATE[HY000]: General error: 1419 You do not have the SUPER privilege and binary logging is enabled (you *might* want to use the less safe log_bin_trust_function_creators variable), query was: CREATE TRIGGER trg_store_after_insert AFTER INSERT ON store FOR EACH ROW
BEGIN
INSERT IGNORE INTO `store_data_exporter_cl` (`entity_id`) VALUES (NEW.`website_id`);
END at /var/www/html/magento2/Magento_Open_Source/vendor/magento/framework/DB/Statement/Pdo/Mysql.php:109)
[previous exception] [object] (PDOException(code: HY000): SQLSTATE[HY000]: General error: 1419 You do not have the SUPER privilege and binary logging is enabled (you *might* want to use the less safe log_bin_trust_function_creators variable) at /var/www/html/magento2/Magento_Open_Source/vendor/magento/framework/DB/Statement/Pdo/Mysql.php:90)"} []
[2026-01-29T09:02:57.994027+00:00] main.ERROR: {"feed":"undefined","operation":"undefined","status":"Cannot set indexer to Update On Schedule mode: Missing required argument $data of Magento\\CatalogSearch\\Model\\Indexer\\Fulltext.","elapsed":"00:00:00 818 ms","pid":"39497","caller":"bin\/magento setup:install --base-url=http:\/\/localhost\/magento2\/ --db-host=localhost --db-name=magento --db-user=nayexuan"} {"indexer":"catalogsearch_fulltext","exception":"[object] (BadMethodCallException(code: 0): Missing required argument $data of Magento\\CatalogSearch\\Model\\Indexer\\Fulltext. at /var/www/html/magento2/Magento_Open_Source/vendor/magento/framework/ObjectManager/Factory/AbstractFactory.php:264)"} []
[2026-01-29T09:02:58.011872+00:00] main.ERROR: {"feed":"undefined","operation":"undefined","status":"Cannot set indexer to Update On Schedule mode: SQLSTATE[HY000]: General error: 1419 You do not have the SUPER privilege and binary logging is enabled (you *might* want to use the less safe log_bin_trust_function_creators variable), query was: CREATE TRIGGER trg_sales_order_after_insert AFTER INSERT ON sales_order FOR EACH ROW
BEGIN
INSERT IGNORE INTO `sales_order_data_exporter_cl` (`entity_id`) VALUES (NEW.`entity_id`);
END","elapsed":"00:00:00 836 ms","pid":"39497","caller":"bin\/magento setup:install --base-url=http:\/\/localhost\/magento2\/ --db-host=localhost --db-name=magento --db-user=nayexuan"} {"indexer":"sales_order_data_exporter","exception":"[object] (Zend_Db_Statement_Exception(code: 0): SQLSTATE[HY000]: General error: 1419 You do not have the SUPER privilege and binary logging is enabled (you *might* want to use the less safe log_bin_trust_function_creators variable), query was: CREATE TRIGGER trg_sales_order_after_insert AFTER INSERT ON sales_order FOR EACH ROW
BEGIN
INSERT IGNORE INTO `sales_order_data_exporter_cl` (`entity_id`) VALUES (NEW.`entity_id`);
END at /var/www/html/magento2/Magento_Open_Source/vendor/magento/framework/DB/Statement/Pdo/Mysql.php:109)
[previous exception] [object] (PDOException(code: HY000): SQLSTATE[HY000]: General error: 1419 You do not have the SUPER privilege and binary logging is enabled (you *might* want to use the less safe log_bin_trust_function_creators variable) at /var/www/html/magento2/Magento_Open_Source/vendor/magento/framework/DB/Statement/Pdo/Mysql.php:90)"} []
[2026-01-29T09:02:58.031017+00:00] main.ERROR: {"feed":"undefined","operation":"undefined","status":"Cannot set indexer to Update On Schedule mode: SQLSTATE[HY000]: General error: 1419 You do not have the SUPER privilege and binary logging is enabled (you *might* want to use the less safe log_bin_trust_function_creators variable), query was: CREATE TRIGGER trg_sales_order_status_after_insert AFTER INSERT ON sales_order_status FOR EACH ROW
BEGIN
INSERT IGNORE INTO `sales_order_status_data_exporter_cl` (`entity_id`) VALUES (NEW.`status`);
END","elapsed":"00:00:00 855 ms","pid":"39497","caller":"bin\/magento setup:install --base-url=http:\/\/localhost\/magento2\/ --db-host=localhost --db-name=magento --db-user=nayexuan"} {"indexer":"sales_order_status_data_exporter","exception":"[object] (Zend_Db_Statement_Exception(code: 0): SQLSTATE[HY000]: General error: 1419 You do not have the SUPER privilege and binary logging is enabled (you *might* want to use the less safe log_bin_trust_function_creators variable), query was: CREATE TRIGGER trg_sales_order_status_after_insert AFTER INSERT ON sales_order_status FOR EACH ROW
BEGIN
INSERT IGNORE INTO `sales_order_status_data_exporter_cl` (`entity_id`) VALUES (NEW.`status`);
END at /var/www/html/magento2/Magento_Open_Source/vendor/magento/framework/DB/Statement/Pdo/Mysql.php:109)
[previous exception] [object] (PDOException(code: HY000): SQLSTATE[HY000]: General error: 1419 You do not have the SUPER privilege and binary logging is enabled (you *might* want to use the less safe log_bin_trust_function_creators variable) at /var/www/html/magento2/Magento_Open_Source/vendor/magento/framework/DB/Statement/Pdo/Mysql.php:90)"} []
[2026-01-29T09:02:58.037424+00:00] main.ERROR: {"feed":"undefined","operation":"undefined","status":"Cannot set indexer to Update On Schedule mode: SQLSTATE[HY000]: General error: 1419 You do not have the SUPER privilege and binary logging is enabled (you *might* want to use the less safe log_bin_trust_function_creators variable), query was: CREATE TRIGGER trg_store_after_insert AFTER INSERT ON store FOR EACH ROW
BEGIN
INSERT IGNORE INTO `store_data_exporter_cl` (`entity_id`) VALUES (NEW.`website_id`);
END","elapsed":"00:00:00 861 ms","pid":"39497","caller":"bin\/magento setup:install --base-url=http:\/\/localhost\/magento2\/ --db-host=localhost --db-name=magento --db-user=nayexuan"} {"indexer":"store_data_exporter","exception":"[object] (Zend_Db_Statement_Exception(code: 0): SQLSTATE[HY000]: General error: 1419 You do not have the SUPER privilege and binary logging is enabled (you *might* want to use the less safe log_bin_trust_function_creators variable), query was: CREATE TRIGGER trg_store_after_insert AFTER INSERT ON store FOR EACH ROW
BEGIN
INSERT IGNORE INTO `store_data_exporter_cl` (`entity_id`) VALUES (NEW.`website_id`);
END at /var/www/html/magento2/Magento_Open_Source/vendor/magento/framework/DB/Statement/Pdo/Mysql.php:109)
[previous exception] [object] (PDOException(code: HY000): SQLSTATE[HY000]: General error: 1419 You do not have the SUPER privilege and binary logging is enabled (you *might* want to use the less safe log_bin_trust_function_creators variable) at /var/www/html/magento2/Magento_Open_Source/vendor/magento/framework/DB/Statement/Pdo/Mysql.php:90)"} []
[2026-01-29T09:21:21.151492+00:00] main.ERROR: {"feed":"undefined","operation":"undefined","status":"Cannot set indexer to Update On Schedule mode: Missing required argument $data of Magento\\CatalogSearch\\Model\\Indexer\\Fulltext.","elapsed":"122 ms","pid":"40563","caller":"bin\/magento setup:install --base-url=http:\/\/localhost\/magento2\/ --db-host=localhost --db-name=magento --db-user=nayexuan"} {"indexer":"catalogsearch_fulltext","exception":"[object] (BadMethodCallException(code: 0): Missing required argument $data of Magento\\CatalogSearch\\Model\\Indexer\\Fulltext. at /var/www/html/magento2/Magento_Open_Source/vendor/magento/framework/ObjectManager/Factory/AbstractFactory.php:264)"} []
[2026-01-29T09:21:21.169947+00:00] main.ERROR: {"feed":"undefined","operation":"undefined","status":"Cannot set indexer to Update On Schedule mode: SQLSTATE[HY000]: General error: 1419 You do not have the SUPER privilege and binary logging is enabled (you *might* want to use the less safe log_bin_trust_function_creators variable), query was: CREATE TRIGGER trg_sales_order_after_insert AFTER INSERT ON sales_order FOR EACH ROW
BEGIN
INSERT IGNORE INTO `sales_order_data_exporter_cl` (`entity_id`) VALUES (NEW.`entity_id`);
END","elapsed":"140 ms","pid":"40563","caller":"bin\/magento setup:install --base-url=http:\/\/localhost\/magento2\/ --db-host=localhost --db-name=magento --db-user=nayexuan"} {"indexer":"sales_order_data_exporter","exception":"[object] (Zend_Db_Statement_Exception(code: 0): SQLSTATE[HY000]: General error: 1419 You do not have the SUPER privilege and binary logging is enabled (you *might* want to use the less safe log_bin_trust_function_creators variable), query was: CREATE TRIGGER trg_sales_order_after_insert AFTER INSERT ON sales_order FOR EACH ROW
BEGIN
INSERT IGNORE INTO `sales_order_data_exporter_cl` (`entity_id`) VALUES (NEW.`entity_id`);
END at /var/www/html/magento2/Magento_Open_Source/vendor/magento/framework/DB/Statement/Pdo/Mysql.php:109)
[previous exception] [object] (PDOException(code: HY000): SQLSTATE[HY000]: General error: 1419 You do not have the SUPER privilege and binary logging is enabled (you *might* want to use the less safe log_bin_trust_function_creators variable) at /var/www/html/magento2/Magento_Open_Source/vendor/magento/framework/DB/Statement/Pdo/Mysql.php:90)"} []
[2026-01-29T09:21:21.183397+00:00] main.ERROR: {"feed":"undefined","operation":"undefined","status":"Cannot set indexer to Update On Schedule mode: SQLSTATE[HY000]: General error: 1419 You do not have the SUPER privilege and binary logging is enabled (you *might* want to use the less safe log_bin_trust_function_creators variable), query was: CREATE TRIGGER trg_sales_order_status_after_insert AFTER INSERT ON sales_order_status FOR EACH ROW
BEGIN
INSERT IGNORE INTO `sales_order_status_data_exporter_cl` (`entity_id`) VALUES (NEW.`status`);
END","elapsed":"153 ms","pid":"40563","caller":"bin\/magento setup:install --base-url=http:\/\/localhost\/magento2\/ --db-host=localhost --db-name=magento --db-user=nayexuan"} {"indexer":"sales_order_status_data_exporter","exception":"[object] (Zend_Db_Statement_Exception(code: 0): SQLSTATE[HY000]: General error: 1419 You do not have the SUPER privilege and binary logging is enabled (you *might* want to use the less safe log_bin_trust_function_creators variable), query was: CREATE TRIGGER trg_sales_order_status_after_insert AFTER INSERT ON sales_order_status FOR EACH ROW
BEGIN
INSERT IGNORE INTO `sales_order_status_data_exporter_cl` (`entity_id`) VALUES (NEW.`status`);
END at /var/www/html/magento2/Magento_Open_Source/vendor/magento/framework/DB/Statement/Pdo/Mysql.php:109)
[previous exception] [object] (PDOException(code: HY000): SQLSTATE[HY000]: General error: 1419 You do not have the SUPER privilege and binary logging is enabled (you *might* want to use the less safe log_bin_trust_function_creators variable) at /var/www/html/magento2/Magento_Open_Source/vendor/magento/framework/DB/Statement/Pdo/Mysql.php:90)"} []
[2026-01-29T09:21:21.189405+00:00] main.ERROR: {"feed":"undefined","operation":"undefined","status":"Cannot set indexer to Update On Schedule mode: SQLSTATE[HY000]: General error: 1419 You do not have the SUPER privilege and binary logging is enabled (you *might* want to use the less safe log_bin_trust_function_creators variable), query was: CREATE TRIGGER trg_store_after_insert AFTER INSERT ON store FOR EACH ROW
BEGIN
INSERT IGNORE INTO `store_data_exporter_cl` (`entity_id`) VALUES (NEW.`website_id`);
END","elapsed":"159 ms","pid":"40563","caller":"bin\/magento setup:install --base-url=http:\/\/localhost\/magento2\/ --db-host=localhost --db-name=magento --db-user=nayexuan"} {"indexer":"store_data_exporter","exception":"[object] (Zend_Db_Statement_Exception(code: 0): SQLSTATE[HY000]: General error: 1419 You do not have the SUPER privilege and binary logging is enabled (you *might* want to use the less safe log_bin_trust_function_creators variable), query was: CREATE TRIGGER trg_store_after_insert AFTER INSERT ON store FOR EACH ROW
BEGIN
INSERT IGNORE INTO `store_data_exporter_cl` (`entity_id`) VALUES (NEW.`website_id`);
END at /var/www/html/magento2/Magento_Open_Source/vendor/magento/framework/DB/Statement/Pdo/Mysql.php:109)
[previous exception] [object] (PDOException(code: HY000): SQLSTATE[HY000]: General error: 1419 You do not have the SUPER privilege and binary logging is enabled (you *might* want to use the less safe log_bin_trust_function_creators variable) at /var/www/html/magento2/Magento_Open_Source/vendor/magento/framework/DB/Statement/Pdo/Mysql.php:90)"} []
[2026-01-29T09:38:17.891696+00:00] main.ERROR: {"feed":"undefined","operation":"undefined","status":"Cannot set indexer to Update On Schedule mode: Missing required argument $data of Magento\\CatalogSearch\\Model\\Indexer\\Fulltext.","elapsed":"00:00:00 590 ms","pid":"41956","caller":"bin\/magento setup:install --base-url=http:\/\/localhost\/magento2\/ --db-host=localhost --db-name=magento --db-user=nayexuan"} {"indexer":"catalogsearch_fulltext","exception":"[object] (BadMethodCallException(code: 0): Missing required argument $data of Magento\\CatalogSearch\\Model\\Indexer\\Fulltext. at /var/www/html/magento2/Magento_Open_Source/vendor/magento/framework/ObjectManager/Factory/AbstractFactory.php:264)"} []
[2026-01-29T09:38:17.911218+00:00] main.ERROR: {"feed":"undefined","operation":"undefined","status":"Cannot set indexer to Update On Schedule mode: SQLSTATE[HY000]: General error: 1419 You do not have the SUPER privilege and binary logging is enabled (you *might* want to use the less safe log_bin_trust_function_creators variable), query was: CREATE TRIGGER trg_sales_order_after_insert AFTER INSERT ON sales_order FOR EACH ROW
BEGIN
INSERT IGNORE INTO `sales_order_data_exporter_cl` (`entity_id`) VALUES (NEW.`entity_id`);
END","elapsed":"00:00:00 609 ms","pid":"41956","caller":"bin\/magento setup:install --base-url=http:\/\/localhost\/magento2\/ --db-host=localhost --db-name=magento --db-user=nayexuan"} {"indexer":"sales_order_data_exporter","exception":"[object] (Zend_Db_Statement_Exception(code: 0): SQLSTATE[HY000]: General error: 1419 You do not have the SUPER privilege and binary logging is enabled (you *might* want to use the less safe log_bin_trust_function_creators variable), query was: CREATE TRIGGER trg_sales_order_after_insert AFTER INSERT ON sales_order FOR EACH ROW
BEGIN
INSERT IGNORE INTO `sales_order_data_exporter_cl` (`entity_id`) VALUES (NEW.`entity_id`);
END at /var/www/html/magento2/Magento_Open_Source/vendor/magento/framework/DB/Statement/Pdo/Mysql.php:109)
[previous exception] [object] (PDOException(code: HY000): SQLSTATE[HY000]: General error: 1419 You do not have the SUPER privilege and binary logging is enabled (you *might* want to use the less safe log_bin_trust_function_creators variable) at /var/www/html/magento2/Magento_Open_Source/vendor/magento/framework/DB/Statement/Pdo/Mysql.php:90)"} []
[2026-01-29T09:38:17.922808+00:00] main.ERROR: {"feed":"undefined","operation":"undefined","status":"Cannot set indexer to Update On Schedule mode: SQLSTATE[HY000]: General error: 1419 You do not have the SUPER privilege and binary logging is enabled (you *might* want to use the less safe log_bin_trust_function_creators variable), query was: CREATE TRIGGER trg_sales_order_status_after_insert AFTER INSERT ON sales_order_status FOR EACH ROW
BEGIN
INSERT IGNORE INTO `sales_order_status_data_exporter_cl` (`entity_id`) VALUES (NEW.`status`);
END","elapsed":"00:00:00 621 ms","pid":"41956","caller":"bin\/magento setup:install --base-url=http:\/\/localhost\/magento2\/ --db-host=localhost --db-name=magento --db-user=nayexuan"} {"indexer":"sales_order_status_data_exporter","exception":"[object] (Zend_Db_Statement_Exception(code: 0): SQLSTATE[HY000]: General error: 1419 You do not have the SUPER privilege and binary logging is enabled (you *might* want to use the less safe log_bin_trust_function_creators variable), query was: CREATE TRIGGER trg_sales_order_status_after_insert AFTER INSERT ON sales_order_status FOR EACH ROW
BEGIN
INSERT IGNORE INTO `sales_order_status_data_exporter_cl` (`entity_id`) VALUES (NEW.`status`);
END at /var/www/html/magento2/Magento_Open_Source/vendor/magento/framework/DB/Statement/Pdo/Mysql.php:109)
[previous exception] [object] (PDOException(code: HY000): SQLSTATE[HY000]: General error: 1419 You do not have the SUPER privilege and binary logging is enabled (you *might* want to use the less safe log_bin_trust_function_creators variable) at /var/www/html/magento2/Magento_Open_Source/vendor/magento/framework/DB/Statement/Pdo/Mysql.php:90)"} []
[2026-01-29T09:38:17.930375+00:00] main.ERROR: {"feed":"undefined","operation":"undefined","status":"Cannot set indexer to Update On Schedule mode: SQLSTATE[HY000]: General error: 1419 You do not have the SUPER privilege and binary logging is enabled (you *might* want to use the less safe log_bin_trust_function_creators variable), query was: CREATE TRIGGER trg_store_after_insert AFTER INSERT ON store FOR EACH ROW
BEGIN
INSERT IGNORE INTO `store_data_exporter_cl` (`entity_id`) VALUES (NEW.`website_id`);
END","elapsed":"00:00:00 628 ms","pid":"41956","caller":"bin\/magento setup:install --base-url=http:\/\/localhost\/magento2\/ --db-host=localhost --db-name=magento --db-user=nayexuan"} {"indexer":"store_data_exporter","exception":"[object] (Zend_Db_Statement_Exception(code: 0): SQLSTATE[HY000]: General error: 1419 You do not have the SUPER privilege and binary logging is enabled (you *might* want to use the less safe log_bin_trust_function_creators variable), query was: CREATE TRIGGER trg_store_after_insert AFTER INSERT ON store FOR EACH ROW
BEGIN
INSERT IGNORE INTO `store_data_exporter_cl` (`entity_id`) VALUES (NEW.`website_id`);
END at /var/www/html/magento2/Magento_Open_Source/vendor/magento/framework/DB/Statement/Pdo/Mysql.php:109)
[previous exception] [object] (PDOException(code: HY000): SQLSTATE[HY000]: General error: 1419 You do not have the SUPER privilege and binary logging is enabled (you *might* want to use the less safe log_bin_trust_function_creators variable) at /var/www/html/magento2/Magento_Open_Source/vendor/magento/framework/DB/Statement/Pdo/Mysql.php:90)"} []
[2026-01-29T09:44:14.093516+00:00] main.ERROR: {"feed":"undefined","operation":"undefined","status":"Cannot set indexer to Update On Schedule mode: Missing required argument $data of Magento\\CatalogSearch\\Model\\Indexer\\Fulltext.","elapsed":"00:00:00 982 ms","pid":"42564","caller":"bin\/magento setup:install --base-url=http:\/\/localhost\/magento2\/ --db-host=localhost --db-name=magento --db-user=nayexuan"} {"indexer":"catalogsearch_fulltext","exception":"[object] (BadMethodCallException(code: 0): Missing required argument $data of Magento\\CatalogSearch\\Model\\Indexer\\Fulltext. at /var/www/html/magento2/Magento_Open_Source/vendor/magento/framework/ObjectManager/Factory/AbstractFactory.php:264)"} []
[2026-01-29T09:44:14.113097+00:00] main.ERROR: {"feed":"undefined","operation":"undefined","status":"Cannot set indexer to Update On Schedule mode: SQLSTATE[HY000]: General error: 1419 You do not have the SUPER privilege and binary logging is enabled (you *might* want to use the less safe log_bin_trust_function_creators variable), query was: CREATE TRIGGER trg_sales_order_after_insert AFTER INSERT ON sales_order FOR EACH ROW
BEGIN
INSERT IGNORE INTO `sales_order_data_exporter_cl` (`entity_id`) VALUES (NEW.`entity_id`);
END","elapsed":"00:00:01 1 ms","pid":"42564","caller":"bin\/magento setup:install --base-url=http:\/\/localhost\/magento2\/ --db-host=localhost --db-name=magento --db-user=nayexuan"} {"indexer":"sales_order_data_exporter","exception":"[object] (Zend_Db_Statement_Exception(code: 0): SQLSTATE[HY000]: General error: 1419 You do not have the SUPER privilege and binary logging is enabled (you *might* want to use the less safe log_bin_trust_function_creators variable), query was: CREATE TRIGGER trg_sales_order_after_insert AFTER INSERT ON sales_order FOR EACH ROW
BEGIN
INSERT IGNORE INTO `sales_order_data_exporter_cl` (`entity_id`) VALUES (NEW.`entity_id`);
END at /var/www/html/magento2/Magento_Open_Source/vendor/magento/framework/DB/Statement/Pdo/Mysql.php:109)
[previous exception] [object] (PDOException(code: HY000): SQLSTATE[HY000]: General error: 1419 You do not have the SUPER privilege and binary logging is enabled (you *might* want to use the less safe log_bin_trust_function_creators variable) at /var/www/html/magento2/Magento_Open_Source/vendor/magento/framework/DB/Statement/Pdo/Mysql.php:90)"} []
[2026-01-29T09:44:14.135940+00:00] main.ERROR: {"feed":"undefined","operation":"undefined","status":"Cannot set indexer to Update On Schedule mode: SQLSTATE[HY000]: General error: 1419 You do not have the SUPER privilege and binary logging is enabled (you *might* want to use the less safe log_bin_trust_function_creators variable), query was: CREATE TRIGGER trg_sales_order_status_after_insert AFTER INSERT ON sales_order_status FOR EACH ROW
BEGIN
INSERT IGNORE INTO `sales_order_status_data_exporter_cl` (`entity_id`) VALUES (NEW.`status`);
END","elapsed":"00:00:01 24 ms","pid":"42564","caller":"bin\/magento setup:install --base-url=http:\/\/localhost\/magento2\/ --db-host=localhost --db-name=magento --db-user=nayexuan"} {"indexer":"sales_order_status_data_exporter","exception":"[object] (Zend_Db_Statement_Exception(code: 0): SQLSTATE[HY000]: General error: 1419 You do not have the SUPER privilege and binary logging is enabled (you *might* want to use the less safe log_bin_trust_function_creators variable), query was: CREATE TRIGGER trg_sales_order_status_after_insert AFTER INSERT ON sales_order_status FOR EACH ROW
BEGIN
INSERT IGNORE INTO `sales_order_status_data_exporter_cl` (`entity_id`) VALUES (NEW.`status`);
END at /var/www/html/magento2/Magento_Open_Source/vendor/magento/framework/DB/Statement/Pdo/Mysql.php:109)
[previous exception] [object] (PDOException(code: HY000): SQLSTATE[HY000]: General error: 1419 You do not have the SUPER privilege and binary logging is enabled (you *might* want to use the less safe log_bin_trust_function_creators variable) at /var/www/html/magento2/Magento_Open_Source/vendor/magento/framework/DB/Statement/Pdo/Mysql.php:90)"} []
[2026-01-29T09:44:14.144149+00:00] main.ERROR: {"feed":"undefined","operation":"undefined","status":"Cannot set indexer to Update On Schedule mode: SQLSTATE[HY000]: General error: 1419 You do not have the SUPER privilege and binary logging is enabled (you *might* want to use the less safe log_bin_trust_function_creators variable), query was: CREATE TRIGGER trg_store_after_insert AFTER INSERT ON store FOR EACH ROW
BEGIN
INSERT IGNORE INTO `store_data_exporter_cl` (`entity_id`) VALUES (NEW.`website_id`);
END","elapsed":"00:00:01 32 ms","pid":"42564","caller":"bin\/magento setup:install --base-url=http:\/\/localhost\/magento2\/ --db-host=localhost --db-name=magento --db-user=nayexuan"} {"indexer":"store_data_exporter","exception":"[object] (Zend_Db_Statement_Exception(code: 0): SQLSTATE[HY000]: General error: 1419 You do not have the SUPER privilege and binary logging is enabled (you *might* want to use the less safe log_bin_trust_function_creators variable), query was: CREATE TRIGGER trg_store_after_insert AFTER INSERT ON store FOR EACH ROW
BEGIN
INSERT IGNORE INTO `store_data_exporter_cl` (`entity_id`) VALUES (NEW.`website_id`);
END at /var/www/html/magento2/Magento_Open_Source/vendor/magento/framework/DB/Statement/Pdo/Mysql.php:109)
[previous exception] [object] (PDOException(code: HY000): SQLSTATE[HY000]: General error: 1419 You do not have the SUPER privilege and binary logging is enabled (you *might* want to use the less safe log_bin_trust_function_creators variable) at /var/www/html/magento2/Magento_Open_Source/vendor/magento/framework/DB/Statement/Pdo/Mysql.php:90)"} []
[2026-01-30T07:45:01.654671+00:00] main.ERROR: {"feed":"undefined","operation":"undefined","status":"Cannot set indexer to Update On Schedule mode: Missing required argument $data of Magento\\CatalogSearch\\Model\\Indexer\\Fulltext.","elapsed":"513 ms","pid":"208214","caller":"bin\/magento setup:upgrade"} {"indexer":"catalogsearch_fulltext","exception":"[object] (BadMethodCallException(code: 0): Missing required argument $data of Magento\\CatalogSearch\\Model\\Indexer\\Fulltext. at /var/www/html/magento2/Magento_Open_Source/vendor/magento/framework/ObjectManager/Factory/AbstractFactory.php:264)"} []
[2026-01-30T07:45:01.718963+00:00] main.ERROR: {"feed":"undefined","operation":"undefined","status":"Cannot set indexer to Update On Schedule mode: SQLSTATE[HY000]: General error: 1419 You do not have the SUPER privilege and binary logging is enabled (you *might* want to use the less safe log_bin_trust_function_creators variable), query was: CREATE TRIGGER trg_sales_order_after_insert AFTER INSERT ON sales_order FOR EACH ROW
BEGIN
INSERT IGNORE INTO `sales_order_data_exporter_cl` (`entity_id`) VALUES (NEW.`entity_id`);
END","elapsed":"578 ms","pid":"208214","caller":"bin\/magento setup:upgrade"} {"indexer":"sales_order_data_exporter","exception":"[object] (Zend_Db_Statement_Exception(code: 0): SQLSTATE[HY000]: General error: 1419 You do not have the SUPER privilege and binary logging is enabled (you *might* want to use the less safe log_bin_trust_function_creators variable), query was: CREATE TRIGGER trg_sales_order_after_insert AFTER INSERT ON sales_order FOR EACH ROW
BEGIN
INSERT IGNORE INTO `sales_order_data_exporter_cl` (`entity_id`) VALUES (NEW.`entity_id`);
END at /var/www/html/magento2/Magento_Open_Source/vendor/magento/framework/DB/Statement/Pdo/Mysql.php:109)
[previous exception] [object] (PDOException(code: HY000): SQLSTATE[HY000]: General error: 1419 You do not have the SUPER privilege and binary logging is enabled (you *might* want to use the less safe log_bin_trust_function_creators variable) at /var/www/html/magento2/Magento_Open_Source/vendor/magento/framework/DB/Statement/Pdo/Mysql.php:90)"} []
[2026-01-30T07:45:01.737361+00:00] main.ERROR: {"feed":"undefined","operation":"undefined","status":"Cannot set indexer to Update On Schedule mode: SQLSTATE[HY000]: General error: 1419 You do not have the SUPER privilege and binary logging is enabled (you *might* want to use the less safe log_bin_trust_function_creators variable), query was: CREATE TRIGGER trg_sales_order_status_after_insert AFTER INSERT ON sales_order_status FOR EACH ROW
BEGIN
INSERT IGNORE INTO `sales_order_status_data_exporter_cl` (`entity_id`) VALUES (NEW.`status`);
END","elapsed":"596 ms","pid":"208214","caller":"bin\/magento setup:upgrade"} {"indexer":"sales_order_status_data_exporter","exception":"[object] (Zend_Db_Statement_Exception(code: 0): SQLSTATE[HY000]: General error: 1419 You do not have the SUPER privilege and binary logging is enabled (you *might* want to use the less safe log_bin_trust_function_creators variable), query was: CREATE TRIGGER trg_sales_order_status_after_insert AFTER INSERT ON sales_order_status FOR EACH ROW
BEGIN
INSERT IGNORE INTO `sales_order_status_data_exporter_cl` (`entity_id`) VALUES (NEW.`status`);
END at /var/www/html/magento2/Magento_Open_Source/vendor/magento/framework/DB/Statement/Pdo/Mysql.php:109)
[previous exception] [object] (PDOException(code: HY000): SQLSTATE[HY000]: General error: 1419 You do not have the SUPER privilege and binary logging is enabled (you *might* want to use the less safe log_bin_trust_function_creators variable) at /var/www/html/magento2/Magento_Open_Source/vendor/magento/framework/DB/Statement/Pdo/Mysql.php:90)"} []
[2026-01-30T07:45:01.744978+00:00] main.ERROR: {"feed":"undefined","operation":"undefined","status":"Cannot set indexer to Update On Schedule mode: SQLSTATE[HY000]: General error: 1419 You do not have the SUPER privilege and binary logging is enabled (you *might* want to use the less safe log_bin_trust_function_creators variable), query was: CREATE TRIGGER trg_store_after_insert AFTER INSERT ON store FOR EACH ROW
BEGIN
INSERT IGNORE INTO `store_data_exporter_cl` (`entity_id`) VALUES (NEW.`website_id`);
END","elapsed":"604 ms","pid":"208214","caller":"bin\/magento setup:upgrade"} {"indexer":"store_data_exporter","exception":"[object] (Zend_Db_Statement_Exception(code: 0): SQLSTATE[HY000]: General error: 1419 You do not have the SUPER privilege and binary logging is enabled (you *might* want to use the less safe log_bin_trust_function_creators variable), query was: CREATE TRIGGER trg_store_after_insert AFTER INSERT ON store FOR EACH ROW
BEGIN
INSERT IGNORE INTO `store_data_exporter_cl` (`entity_id`) VALUES (NEW.`website_id`);
END at /var/www/html/magento2/Magento_Open_Source/vendor/magento/framework/DB/Statement/Pdo/Mysql.php:109)
[previous exception] [object] (PDOException(code: HY000): SQLSTATE[HY000]: General error: 1419 You do not have the SUPER privilege and binary logging is enabled (you *might* want to use the less safe log_bin_trust_function_creators variable) at /var/www/html/magento2/Magento_Open_Source/vendor/magento/framework/DB/Statement/Pdo/Mysql.php:90)"} []
[2026-01-30T08:52:16.421659+00:00] main.ERROR: {"feed":"undefined","operation":"undefined","status":"Cannot set indexer to Update On Schedule mode: Missing required argument $data of Magento\\CatalogSearch\\Model\\Indexer\\Fulltext.","elapsed":"781 ms","pid":"215376","caller":"bin\/magento setup:upgrade"} {"indexer":"catalogsearch_fulltext","exception":"[object] (BadMethodCallException(code: 0): Missing required argument $data of Magento\\CatalogSearch\\Model\\Indexer\\Fulltext. at /var/www/html/magento2/Magento_Open_Source/vendor/magento/framework/ObjectManager/Factory/AbstractFactory.php:264)"} []
[2026-01-30T08:52:16.443211+00:00] main.ERROR: {"feed":"undefined","operation":"undefined","status":"Cannot set indexer to Update On Schedule mode: SQLSTATE[HY000]: General error: 1419 You do not have the SUPER privilege and binary logging is enabled (you *might* want to use the less safe log_bin_trust_function_creators variable), query was: CREATE TRIGGER trg_sales_order_after_insert AFTER INSERT ON sales_order FOR EACH ROW
BEGIN
INSERT IGNORE INTO `sales_order_data_exporter_cl` (`entity_id`) VALUES (NEW.`entity_id`);
END","elapsed":"802 ms","pid":"215376","caller":"bin\/magento setup:upgrade"} {"indexer":"sales_order_data_exporter","exception":"[object] (Zend_Db_Statement_Exception(code: 0): SQLSTATE[HY000]: General error: 1419 You do not have the SUPER privilege and binary logging is enabled (you *might* want to use the less safe log_bin_trust_function_creators variable), query was: CREATE TRIGGER trg_sales_order_after_insert AFTER INSERT ON sales_order FOR EACH ROW
BEGIN
INSERT IGNORE INTO `sales_order_data_exporter_cl` (`entity_id`) VALUES (NEW.`entity_id`);
END at /var/www/html/magento2/Magento_Open_Source/vendor/magento/framework/DB/Statement/Pdo/Mysql.php:109)
[previous exception] [object] (PDOException(code: HY000): SQLSTATE[HY000]: General error: 1419 You do not have the SUPER privilege and binary logging is enabled (you *might* want to use the less safe log_bin_trust_function_creators variable) at /var/www/html/magento2/Magento_Open_Source/vendor/magento/framework/DB/Statement/Pdo/Mysql.php:90)"} []
[2026-01-30T08:52:16.460518+00:00] main.ERROR: {"feed":"undefined","operation":"undefined","status":"Cannot set indexer to Update On Schedule mode: SQLSTATE[HY000]: General error: 1419 You do not have the SUPER privilege and binary logging is enabled (you *might* want to use the less safe log_bin_trust_function_creators variable), query was: CREATE TRIGGER trg_sales_order_status_after_insert AFTER INSERT ON sales_order_status FOR EACH ROW
BEGIN
INSERT IGNORE INTO `sales_order_status_data_exporter_cl` (`entity_id`) VALUES (NEW.`status`);
END","elapsed":"820 ms","pid":"215376","caller":"bin\/magento setup:upgrade"} {"indexer":"sales_order_status_data_exporter","exception":"[object] (Zend_Db_Statement_Exception(code: 0): SQLSTATE[HY000]: General error: 1419 You do not have the SUPER privilege and binary logging is enabled (you *might* want to use the less safe log_bin_trust_function_creators variable), query was: CREATE TRIGGER trg_sales_order_status_after_insert AFTER INSERT ON sales_order_status FOR EACH ROW
BEGIN
INSERT IGNORE INTO `sales_order_status_data_exporter_cl` (`entity_id`) VALUES (NEW.`status`);
END at /var/www/html/magento2/Magento_Open_Source/vendor/magento/framework/DB/Statement/Pdo/Mysql.php:109)
[previous exception] [object] (PDOException(code: HY000): SQLSTATE[HY000]: General error: 1419 You do not have the SUPER privilege and binary logging is enabled (you *might* want to use the less safe log_bin_trust_function_creators variable) at /var/www/html/magento2/Magento_Open_Source/vendor/magento/framework/DB/Statement/Pdo/Mysql.php:90)"} []
[2026-01-30T08:52:16.467548+00:00] main.ERROR: {"feed":"undefined","operation":"undefined","status":"Cannot set indexer to Update On Schedule mode: SQLSTATE[HY000]: General error: 1419 You do not have the SUPER privilege and binary logging is enabled (you *might* want to use the less safe log_bin_trust_function_creators variable), query was: CREATE TRIGGER trg_store_after_insert AFTER INSERT ON store FOR EACH ROW
BEGIN
INSERT IGNORE INTO `store_data_exporter_cl` (`entity_id`) VALUES (NEW.`website_id`);
END","elapsed":"827 ms","pid":"215376","caller":"bin\/magento setup:upgrade"} {"indexer":"store_data_exporter","exception":"[object] (Zend_Db_Statement_Exception(code: 0): SQLSTATE[HY000]: General error: 1419 You do not have the SUPER privilege and binary logging is enabled (you *might* want to use the less safe log_bin_trust_function_creators variable), query was: CREATE TRIGGER trg_store_after_insert AFTER INSERT ON store FOR EACH ROW
BEGIN
INSERT IGNORE INTO `store_data_exporter_cl` (`entity_id`) VALUES (NEW.`website_id`);
END at /var/www/html/magento2/Magento_Open_Source/vendor/magento/framework/DB/Statement/Pdo/Mysql.php:109)
[previous exception] [object] (PDOException(code: HY000): SQLSTATE[HY000]: General error: 1419 You do not have the SUPER privilege and binary logging is enabled (you *might* want to use the less safe log_bin_trust_function_creators variable) at /var/www/html/magento2/Magento_Open_Source/vendor/magento/framework/DB/Statement/Pdo/Mysql.php:90)"} []
[2026-01-30T09:01:25.970941+00:00] main.ERROR: {"feed":"undefined","operation":"undefined","status":"Cannot set indexer to Update On Schedule mode: Missing required argument $data of Magento\\CatalogSearch\\Model\\Indexer\\Fulltext.","elapsed":"00:00:00 879 ms","pid":"215836","caller":"bin\/magento setup:upgrade"} {"indexer":"catalogsearch_fulltext","exception":"[object] (BadMethodCallException(code: 0): Missing required argument $data of Magento\\CatalogSearch\\Model\\Indexer\\Fulltext. at /var/www/html/magento2/Magento_Open_Source/vendor/magento/framework/ObjectManager/Factory/AbstractFactory.php:264)"} []
[2026-01-30T09:01:25.999177+00:00] main.ERROR: {"feed":"undefined","operation":"undefined","status":"Cannot set indexer to Update On Schedule mode: SQLSTATE[HY000]: General error: 1419 You do not have the SUPER privilege and binary logging is enabled (you *might* want to use the less safe log_bin_trust_function_creators variable), query was: CREATE TRIGGER trg_sales_order_after_insert AFTER INSERT ON sales_order FOR EACH ROW
BEGIN
INSERT IGNORE INTO `sales_order_data_exporter_cl` (`entity_id`) VALUES (NEW.`entity_id`);
END","elapsed":"00:00:00 908 ms","pid":"215836","caller":"bin\/magento setup:upgrade"} {"indexer":"sales_order_data_exporter","exception":"[object] (Zend_Db_Statement_Exception(code: 0): SQLSTATE[HY000]: General error: 1419 You do not have the SUPER privilege and binary logging is enabled (you *might* want to use the less safe log_bin_trust_function_creators variable), query was: CREATE TRIGGER trg_sales_order_after_insert AFTER INSERT ON sales_order FOR EACH ROW
BEGIN
INSERT IGNORE INTO `sales_order_data_exporter_cl` (`entity_id`) VALUES (NEW.`entity_id`);
END at /var/www/html/magento2/Magento_Open_Source/vendor/magento/framework/DB/Statement/Pdo/Mysql.php:109)
[previous exception] [object] (PDOException(code: HY000): SQLSTATE[HY000]: General error: 1419 You do not have the SUPER privilege and binary logging is enabled (you *might* want to use the less safe log_bin_trust_function_creators variable) at /var/www/html/magento2/Magento_Open_Source/vendor/magento/framework/DB/Statement/Pdo/Mysql.php:90)"} []
[2026-01-30T09:01:26.022123+00:00] main.ERROR: {"feed":"undefined","operation":"undefined","status":"Cannot set indexer to Update On Schedule mode: SQLSTATE[HY000]: General error: 1419 You do not have the SUPER privilege and binary logging is enabled (you *might* want to use the less safe log_bin_trust_function_creators variable), query was: CREATE TRIGGER trg_sales_order_status_after_insert AFTER INSERT ON sales_order_status FOR EACH ROW
BEGIN
INSERT IGNORE INTO `sales_order_status_data_exporter_cl` (`entity_id`) VALUES (NEW.`status`);
END","elapsed":"00:00:00 931 ms","pid":"215836","caller":"bin\/magento setup:upgrade"} {"indexer":"sales_order_status_data_exporter","exception":"[object] (Zend_Db_Statement_Exception(code: 0): SQLSTATE[HY000]: General error: 1419 You do not have the SUPER privilege and binary logging is enabled (you *might* want to use the less safe log_bin_trust_function_creators variable), query was: CREATE TRIGGER trg_sales_order_status_after_insert AFTER INSERT ON sales_order_status FOR EACH ROW
BEGIN
INSERT IGNORE INTO `sales_order_status_data_exporter_cl` (`entity_id`) VALUES (NEW.`status`);
END at /var/www/html/magento2/Magento_Open_Source/vendor/magento/framework/DB/Statement/Pdo/Mysql.php:109)
[previous exception] [object] (PDOException(code: HY000): SQLSTATE[HY000]: General error: 1419 You do not have the SUPER privilege and binary logging is enabled (you *might* want to use the less safe log_bin_trust_function_creators variable) at /var/www/html/magento2/Magento_Open_Source/vendor/magento/framework/DB/Statement/Pdo/Mysql.php:90)"} []
[2026-01-30T09:01:26.035035+00:00] main.ERROR: {"feed":"undefined","operation":"undefined","status":"Cannot set indexer to Update On Schedule mode: SQLSTATE[HY000]: General error: 1419 You do not have the SUPER privilege and binary logging is enabled (you *might* want to use the less safe log_bin_trust_function_creators variable), query was: CREATE TRIGGER trg_store_after_insert AFTER INSERT ON store FOR EACH ROW
BEGIN
INSERT IGNORE INTO `store_data_exporter_cl` (`entity_id`) VALUES (NEW.`website_id`);
END","elapsed":"00:00:01 943 ms","pid":"215836","caller":"bin\/magento setup:upgrade"} {"indexer":"store_data_exporter","exception":"[object] (Zend_Db_Statement_Exception(code: 0): SQLSTATE[HY000]: General error: 1419 You do not have the SUPER privilege and binary logging is enabled (you *might* want to use the less safe log_bin_trust_function_creators variable), query was: CREATE TRIGGER trg_store_after_insert AFTER INSERT ON store FOR EACH ROW
BEGIN
INSERT IGNORE INTO `store_data_exporter_cl` (`entity_id`) VALUES (NEW.`website_id`);
END at /var/www/html/magento2/Magento_Open_Source/vendor/magento/framework/DB/Statement/Pdo/Mysql.php:109)
[previous exception] [object] (PDOException(code: HY000): SQLSTATE[HY000]: General error: 1419 You do not have the SUPER privilege and binary logging is enabled (you *might* want to use the less safe log_bin_trust_function_creators variable) at /var/www/html/magento2/Magento_Open_Source/vendor/magento/framework/DB/Statement/Pdo/Mysql.php:90)"} []
[2026-01-30T09:24:29.438748+00:00] main.ERROR: {"feed":"undefined","operation":"undefined","status":"Cannot set indexer to Update On Schedule mode: Missing required argument $data of Magento\\CatalogSearch\\Model\\Indexer\\Fulltext.","elapsed":"00:00:00 551 ms","pid":"217269","caller":"bin\/magento setup:upgrade"} {"indexer":"catalogsearch_fulltext","exception":"[object] (BadMethodCallException(code: 0): Missing required argument $data of Magento\\CatalogSearch\\Model\\Indexer\\Fulltext. at /var/www/html/magento2/Magento_Open_Source/vendor/magento/framework/ObjectManager/Factory/AbstractFactory.php:264)"} []
[2026-01-30T09:24:29.459622+00:00] main.ERROR: {"feed":"undefined","operation":"undefined","status":"Cannot set indexer to Update On Schedule mode: SQLSTATE[HY000]: General error: 1419 You do not have the SUPER privilege and binary logging is enabled (you *might* want to use the less safe log_bin_trust_function_creators variable), query was: CREATE TRIGGER trg_sales_order_after_insert AFTER INSERT ON sales_order FOR EACH ROW
BEGIN
INSERT IGNORE INTO `sales_order_data_exporter_cl` (`entity_id`) VALUES (NEW.`entity_id`);
END","elapsed":"00:00:00 572 ms","pid":"217269","caller":"bin\/magento setup:upgrade"} {"indexer":"sales_order_data_exporter","exception":"[object] (Zend_Db_Statement_Exception(code: 0): SQLSTATE[HY000]: General error: 1419 You do not have the SUPER privilege and binary logging is enabled (you *might* want to use the less safe log_bin_trust_function_creators variable), query was: CREATE TRIGGER trg_sales_order_after_insert AFTER INSERT ON sales_order FOR EACH ROW
BEGIN
INSERT IGNORE INTO `sales_order_data_exporter_cl` (`entity_id`) VALUES (NEW.`entity_id`);
END at /var/www/html/magento2/Magento_Open_Source/vendor/magento/framework/DB/Statement/Pdo/Mysql.php:109)
[previous exception] [object] (PDOException(code: HY000): SQLSTATE[HY000]: General error: 1419 You do not have the SUPER privilege and binary logging is enabled (you *might* want to use the less safe log_bin_trust_function_creators variable) at /var/www/html/magento2/Magento_Open_Source/vendor/magento/framework/DB/Statement/Pdo/Mysql.php:90)"} []
[2026-01-30T09:24:29.473295+00:00] main.ERROR: {"feed":"undefined","operation":"undefined","status":"Cannot set indexer to Update On Schedule mode: SQLSTATE[HY000]: General error: 1419 You do not have the SUPER privilege and binary logging is enabled (you *might* want to use the less safe log_bin_trust_function_creators variable), query was: CREATE TRIGGER trg_sales_order_status_after_insert AFTER INSERT ON sales_order_status FOR EACH ROW
BEGIN
INSERT IGNORE INTO `sales_order_status_data_exporter_cl` (`entity_id`) VALUES (NEW.`status`);
END","elapsed":"00:00:00 585 ms","pid":"217269","caller":"bin\/magento setup:upgrade"} {"indexer":"sales_order_status_data_exporter","exception":"[object] (Zend_Db_Statement_Exception(code: 0): SQLSTATE[HY000]: General error: 1419 You do not have the SUPER privilege and binary logging is enabled (you *might* want to use the less safe log_bin_trust_function_creators variable), query was: CREATE TRIGGER trg_sales_order_status_after_insert AFTER INSERT ON sales_order_status FOR EACH ROW
BEGIN
INSERT IGNORE INTO `sales_order_status_data_exporter_cl` (`entity_id`) VALUES (NEW.`status`);
END at /var/www/html/magento2/Magento_Open_Source/vendor/magento/framework/DB/Statement/Pdo/Mysql.php:109)
[previous exception] [object] (PDOException(code: HY000): SQLSTATE[HY000]: General error: 1419 You do not have the SUPER privilege and binary logging is enabled (you *might* want to use the less safe log_bin_trust_function_creators variable) at /var/www/html/magento2/Magento_Open_Source/vendor/magento/framework/DB/Statement/Pdo/Mysql.php:90)"} []
[2026-01-30T09:24:29.479402+00:00] main.ERROR: {"feed":"undefined","operation":"undefined","status":"Cannot set indexer to Update On Schedule mode: SQLSTATE[HY000]: General error: 1419 You do not have the SUPER privilege and binary logging is enabled (you *might* want to use the less safe log_bin_trust_function_creators variable), query was: CREATE TRIGGER trg_store_after_insert AFTER INSERT ON store FOR EACH ROW
BEGIN
INSERT IGNORE INTO `store_data_exporter_cl` (`entity_id`) VALUES (NEW.`website_id`);
END","elapsed":"00:00:00 591 ms","pid":"217269","caller":"bin\/magento setup:upgrade"} {"indexer":"store_data_exporter","exception":"[object] (Zend_Db_Statement_Exception(code: 0): SQLSTATE[HY000]: General error: 1419 You do not have the SUPER privilege and binary logging is enabled (you *might* want to use the less safe log_bin_trust_function_creators variable), query was: CREATE TRIGGER trg_store_after_insert AFTER INSERT ON store FOR EACH ROW
BEGIN
INSERT IGNORE INTO `store_data_exporter_cl` (`entity_id`) VALUES (NEW.`website_id`);
END at /var/www/html/magento2/Magento_Open_Source/vendor/magento/framework/DB/Statement/Pdo/Mysql.php:109)
[previous exception] [object] (PDOException(code: HY000): SQLSTATE[HY000]: General error: 1419 You do not have the SUPER privilege and binary logging is enabled (you *might* want to use the less safe log_bin_trust_function_creators variable) at /var/www/html/magento2/Magento_Open_Source/vendor/magento/framework/DB/Statement/Pdo/Mysql.php:90)"} []
[2026-01-30T10:21:59.134069+00:00] main.ERROR: {"feed":"undefined","operation":"undefined","status":"Cannot set indexer to Update On Schedule mode: Missing required argument $data of Magento\\CatalogSearch\\Model\\Indexer\\Fulltext.","elapsed":"204 ms","pid":"224752","caller":"bin\/magento setup:upgrade"} {"indexer":"catalogsearch_fulltext","exception":"[object] (BadMethodCallException(code: 0): Missing required argument $data of Magento\\CatalogSearch\\Model\\Indexer\\Fulltext. at /var/www/html/magento2/Magento_Open_Source/vendor/magento/framework/ObjectManager/Factory/AbstractFactory.php:264)"} []
[2026-01-30T10:21:59.157806+00:00] main.ERROR: {"feed":"undefined","operation":"undefined","status":"Cannot set indexer to Update On Schedule mode: SQLSTATE[HY000]: General error: 1419 You do not have the SUPER privilege and binary logging is enabled (you *might* want to use the less safe log_bin_trust_function_creators variable), query was: CREATE TRIGGER trg_sales_order_after_insert AFTER INSERT ON sales_order FOR EACH ROW
BEGIN
INSERT IGNORE INTO `sales_order_data_exporter_cl` (`entity_id`) VALUES (NEW.`entity_id`);
END","elapsed":"227 ms","pid":"224752","caller":"bin\/magento setup:upgrade"} {"indexer":"sales_order_data_exporter","exception":"[object] (Zend_Db_Statement_Exception(code: 0): SQLSTATE[HY000]: General error: 1419 You do not have the SUPER privilege and binary logging is enabled (you *might* want to use the less safe log_bin_trust_function_creators variable), query was: CREATE TRIGGER trg_sales_order_after_insert AFTER INSERT ON sales_order FOR EACH ROW
BEGIN
INSERT IGNORE INTO `sales_order_data_exporter_cl` (`entity_id`) VALUES (NEW.`entity_id`);
END at /var/www/html/magento2/Magento_Open_Source/vendor/magento/framework/DB/Statement/Pdo/Mysql.php:109)
[previous exception] [object] (PDOException(code: HY000): SQLSTATE[HY000]: General error: 1419 You do not have the SUPER privilege and binary logging is enabled (you *might* want to use the less safe log_bin_trust_function_creators variable) at /var/www/html/magento2/Magento_Open_Source/vendor/magento/framework/DB/Statement/Pdo/Mysql.php:90)"} []
[2026-01-30T10:21:59.172174+00:00] main.ERROR: {"feed":"undefined","operation":"undefined","status":"Cannot set indexer to Update On Schedule mode: SQLSTATE[HY000]: General error: 1419 You do not have the SUPER privilege and binary logging is enabled (you *might* want to use the less safe log_bin_trust_function_creators variable), query was: CREATE TRIGGER trg_sales_order_status_after_insert AFTER INSERT ON sales_order_status FOR EACH ROW
BEGIN
INSERT IGNORE INTO `sales_order_status_data_exporter_cl` (`entity_id`) VALUES (NEW.`status`);
END","elapsed":"242 ms","pid":"224752","caller":"bin\/magento setup:upgrade"} {"indexer":"sales_order_status_data_exporter","exception":"[object] (Zend_Db_Statement_Exception(code: 0): SQLSTATE[HY000]: General error: 1419 You do not have the SUPER privilege and binary logging is enabled (you *might* want to use the less safe log_bin_trust_function_creators variable), query was: CREATE TRIGGER trg_sales_order_status_after_insert AFTER INSERT ON sales_order_status FOR EACH ROW
BEGIN
INSERT IGNORE INTO `sales_order_status_data_exporter_cl` (`entity_id`) VALUES (NEW.`status`);
END at /var/www/html/magento2/Magento_Open_Source/vendor/magento/framework/DB/Statement/Pdo/Mysql.php:109)
[previous exception] [object] (PDOException(code: HY000): SQLSTATE[HY000]: General error: 1419 You do not have the SUPER privilege and binary logging is enabled (you *might* want to use the less safe log_bin_trust_function_creators variable) at /var/www/html/magento2/Magento_Open_Source/vendor/magento/framework/DB/Statement/Pdo/Mysql.php:90)"} []
[2026-01-30T10:21:59.180191+00:00] main.ERROR: {"feed":"undefined","operation":"undefined","status":"Cannot set indexer to Update On Schedule mode: SQLSTATE[HY000]: General error: 1419 You do not have the SUPER privilege and binary logging is enabled (you *might* want to use the less safe log_bin_trust_function_creators variable), query was: CREATE TRIGGER trg_store_after_insert AFTER INSERT ON store FOR EACH ROW
BEGIN
INSERT IGNORE INTO `store_data_exporter_cl` (`entity_id`) VALUES (NEW.`website_id`);
END","elapsed":"250 ms","pid":"224752","caller":"bin\/magento setup:upgrade"} {"indexer":"store_data_exporter","exception":"[object] (Zend_Db_Statement_Exception(code: 0): SQLSTATE[HY000]: General error: 1419 You do not have the SUPER privilege and binary logging is enabled (you *might* want to use the less safe log_bin_trust_function_creators variable), query was: CREATE TRIGGER trg_store_after_insert AFTER INSERT ON store FOR EACH ROW
BEGIN
INSERT IGNORE INTO `store_data_exporter_cl` (`entity_id`) VALUES (NEW.`website_id`);
END at /var/www/html/magento2/Magento_Open_Source/vendor/magento/framework/DB/Statement/Pdo/Mysql.php:109)
[previous exception] [object] (PDOException(code: HY000): SQLSTATE[HY000]: General error: 1419 You do not have the SUPER privilege and binary logging is enabled (you *might* want to use the less safe log_bin_trust_function_creators variable) at /var/www/html/magento2/Magento_Open_Source/vendor/magento/framework/DB/Statement/Pdo/Mysql.php:90)"} []
[2026-01-31T09:37:46.191343+00:00] main.ERROR: {"feed":"undefined","operation":"undefined","status":"Cannot set indexer to Update On Schedule mode: Missing required argument $data of Magento\\CatalogSearch\\Model\\Indexer\\Fulltext.","elapsed":"00:00:00 310 ms","pid":"46369","caller":"bin\/magento setup:upgrade"} {"indexer":"catalogsearch_fulltext","exception":"[object] (BadMethodCallException(code: 0): Missing required argument $data of Magento\\CatalogSearch\\Model\\Indexer\\Fulltext. at /var/www/html/magento2/Magento_Open_Source/vendor/magento/framework/ObjectManager/Factory/AbstractFactory.php:264)"} []
[2026-01-31T09:37:46.223544+00:00] main.ERROR: {"feed":"undefined","operation":"undefined","status":"Cannot set indexer to Update On Schedule mode: SQLSTATE[HY000]: General error: 1419 You do not have the SUPER privilege and binary logging is enabled (you *might* want to use the less safe log_bin_trust_function_creators variable), query was: CREATE TRIGGER trg_sales_order_after_insert AFTER INSERT ON sales_order FOR EACH ROW
BEGIN
INSERT IGNORE INTO `sales_order_data_exporter_cl` (`entity_id`) VALUES (NEW.`entity_id`);
END","elapsed":"00:00:00 342 ms","pid":"46369","caller":"bin\/magento setup:upgrade"} {"indexer":"sales_order_data_exporter","exception":"[object] (Zend_Db_Statement_Exception(code: 0): SQLSTATE[HY000]: General error: 1419 You do not have the SUPER privilege and binary logging is enabled (you *might* want to use the less safe log_bin_trust_function_creators variable), query was: CREATE TRIGGER trg_sales_order_after_insert AFTER INSERT ON sales_order FOR EACH ROW
BEGIN
INSERT IGNORE INTO `sales_order_data_exporter_cl` (`entity_id`) VALUES (NEW.`entity_id`);
END at /var/www/html/magento2/Magento_Open_Source/vendor/magento/framework/DB/Statement/Pdo/Mysql.php:109)
[previous exception] [object] (PDOException(code: HY000): SQLSTATE[HY000]: General error: 1419 You do not have the SUPER privilege and binary logging is enabled (you *might* want to use the less safe log_bin_trust_function_creators variable) at /var/www/html/magento2/Magento_Open_Source/vendor/magento/framework/DB/Statement/Pdo/Mysql.php:90)"} []
[2026-01-31T09:37:46.254581+00:00] main.ERROR: {"feed":"undefined","operation":"undefined","status":"Cannot set indexer to Update On Schedule mode: SQLSTATE[HY000]: General error: 1419 You do not have the SUPER privilege and binary logging is enabled (you *might* want to use the less safe log_bin_trust_function_creators variable), query was: CREATE TRIGGER trg_sales_order_status_after_insert AFTER INSERT ON sales_order_status FOR EACH ROW
BEGIN
INSERT IGNORE INTO `sales_order_status_data_exporter_cl` (`entity_id`) VALUES (NEW.`status`);
END","elapsed":"00:00:00 373 ms","pid":"46369","caller":"bin\/magento setup:upgrade"} {"indexer":"sales_order_status_data_exporter","exception":"[object] (Zend_Db_Statement_Exception(code: 0): SQLSTATE[HY000]: General error: 1419 You do not have the SUPER privilege and binary logging is enabled (you *might* want to use the less safe log_bin_trust_function_creators variable), query was: CREATE TRIGGER trg_sales_order_status_after_insert AFTER INSERT ON sales_order_status FOR EACH ROW
BEGIN
INSERT IGNORE INTO `sales_order_status_data_exporter_cl` (`entity_id`) VALUES (NEW.`status`);
END at /var/www/html/magento2/Magento_Open_Source/vendor/magento/framework/DB/Statement/Pdo/Mysql.php:109)
[previous exception] [object] (PDOException(code: HY000): SQLSTATE[HY000]: General error: 1419 You do not have the SUPER privilege and binary logging is enabled (you *might* want to use the less safe log_bin_trust_function_creators variable) at /var/www/html/magento2/Magento_Open_Source/vendor/magento/framework/DB/Statement/Pdo/Mysql.php:90)"} []
[2026-01-31T09:37:46.261110+00:00] main.ERROR: {"feed":"undefined","operation":"undefined","status":"Cannot set indexer to Update On Schedule mode: SQLSTATE[HY000]: General error: 1419 You do not have the SUPER privilege and binary logging is enabled (you *might* want to use the less safe log_bin_trust_function_creators variable), query was: CREATE TRIGGER trg_store_after_insert AFTER INSERT ON store FOR EACH ROW
BEGIN
INSERT IGNORE INTO `store_data_exporter_cl` (`entity_id`) VALUES (NEW.`website_id`);
END","elapsed":"00:00:00 380 ms","pid":"46369","caller":"bin\/magento setup:upgrade"} {"indexer":"store_data_exporter","exception":"[object] (Zend_Db_Statement_Exception(code: 0): SQLSTATE[HY000]: General error: 1419 You do not have the SUPER privilege and binary logging is enabled (you *might* want to use the less safe log_bin_trust_function_creators variable), query was: CREATE TRIGGER trg_store_after_insert AFTER INSERT ON store FOR EACH ROW
BEGIN
INSERT IGNORE INTO `store_data_exporter_cl` (`entity_id`) VALUES (NEW.`website_id`);
END at /var/www/html/magento2/Magento_Open_Source/vendor/magento/framework/DB/Statement/Pdo/Mysql.php:109)
[previous exception] [object] (PDOException(code: HY000): SQLSTATE[HY000]: General error: 1419 You do not have the SUPER privilege and binary logging is enabled (you *might* want to use the less safe log_bin_trust_function_creators variable) at /var/www/html/magento2/Magento_Open_Source/vendor/magento/framework/DB/Statement/Pdo/Mysql.php:90)"} []
[2026-01-31T09:39:30.306372+00:00] main.ERROR: {"feed":"undefined","operation":"undefined","status":"Cannot set indexer to Update On Schedule mode: Missing required argument $data of Magento\\CatalogSearch\\Model\\Indexer\\Fulltext.","elapsed":"00:00:00 540 ms","pid":"46721","caller":"bin\/magento setup:upgrade"} {"indexer":"catalogsearch_fulltext","exception":"[object] (BadMethodCallException(code: 0): Missing required argument $data of Magento\\CatalogSearch\\Model\\Indexer\\Fulltext. at /var/www/html/magento2/Magento_Open_Source/vendor/magento/framework/ObjectManager/Factory/AbstractFactory.php:264)"} []
[2026-01-31T09:39:30.329712+00:00] main.ERROR: {"feed":"undefined","operation":"undefined","status":"Cannot set indexer to Update On Schedule mode: SQLSTATE[HY000]: General error: 1419 You do not have the SUPER privilege and binary logging is enabled (you *might* want to use the less safe log_bin_trust_function_creators variable), query was: CREATE TRIGGER trg_sales_order_after_insert AFTER INSERT ON sales_order FOR EACH ROW
BEGIN
INSERT IGNORE INTO `sales_order_data_exporter_cl` (`entity_id`) VALUES (NEW.`entity_id`);
END","elapsed":"00:00:00 564 ms","pid":"46721","caller":"bin\/magento setup:upgrade"} {"indexer":"sales_order_data_exporter","exception":"[object] (Zend_Db_Statement_Exception(code: 0): SQLSTATE[HY000]: General error: 1419 You do not have the SUPER privilege and binary logging is enabled (you *might* want to use the less safe log_bin_trust_function_creators variable), query was: CREATE TRIGGER trg_sales_order_after_insert AFTER INSERT ON sales_order FOR EACH ROW
BEGIN
INSERT IGNORE INTO `sales_order_data_exporter_cl` (`entity_id`) VALUES (NEW.`entity_id`);
END at /var/www/html/magento2/Magento_Open_Source/vendor/magento/framework/DB/Statement/Pdo/Mysql.php:109)
[previous exception] [object] (PDOException(code: HY000): SQLSTATE[HY000]: General error: 1419 You do not have the SUPER privilege and binary logging is enabled (you *might* want to use the less safe log_bin_trust_function_creators variable) at /var/www/html/magento2/Magento_Open_Source/vendor/magento/framework/DB/Statement/Pdo/Mysql.php:90)"} []
[2026-01-31T09:39:30.355425+00:00] main.ERROR: {"feed":"undefined","operation":"undefined","status":"Cannot set indexer to Update On Schedule mode: SQLSTATE[HY000]: General error: 1419 You do not have the SUPER privilege and binary logging is enabled (you *might* want to use the less safe log_bin_trust_function_creators variable), query was: CREATE TRIGGER trg_sales_order_status_after_insert AFTER INSERT ON sales_order_status FOR EACH ROW
BEGIN
INSERT IGNORE INTO `sales_order_status_data_exporter_cl` (`entity_id`) VALUES (NEW.`status`);
END","elapsed":"00:00:00 589 ms","pid":"46721","caller":"bin\/magento setup:upgrade"} {"indexer":"sales_order_status_data_exporter","exception":"[object] (Zend_Db_Statement_Exception(code: 0): SQLSTATE[HY000]: General error: 1419 You do not have the SUPER privilege and binary logging is enabled (you *might* want to use the less safe log_bin_trust_function_creators variable), query was: CREATE TRIGGER trg_sales_order_status_after_insert AFTER INSERT ON sales_order_status FOR EACH ROW
BEGIN
INSERT IGNORE INTO `sales_order_status_data_exporter_cl` (`entity_id`) VALUES (NEW.`status`);
END at /var/www/html/magento2/Magento_Open_Source/vendor/magento/framework/DB/Statement/Pdo/Mysql.php:109)
[previous exception] [object] (PDOException(code: HY000): SQLSTATE[HY000]: General error: 1419 You do not have the SUPER privilege and binary logging is enabled (you *might* want to use the less safe log_bin_trust_function_creators variable) at /var/www/html/magento2/Magento_Open_Source/vendor/magento/framework/DB/Statement/Pdo/Mysql.php:90)"} []
[2026-01-31T09:39:30.385572+00:00] main.ERROR: {"feed":"undefined","operation":"undefined","status":"Cannot set indexer to Update On Schedule mode: SQLSTATE[HY000]: General error: 1419 You do not have the SUPER privilege and binary logging is enabled (you *might* want to use the less safe log_bin_trust_function_creators variable), query was: CREATE TRIGGER trg_store_after_insert AFTER INSERT ON store FOR EACH ROW
BEGIN
INSERT IGNORE INTO `store_data_exporter_cl` (`entity_id`) VALUES (NEW.`website_id`);
END","elapsed":"00:00:00 619 ms","pid":"46721","caller":"bin\/magento setup:upgrade"} {"indexer":"store_data_exporter","exception":"[object] (Zend_Db_Statement_Exception(code: 0): SQLSTATE[HY000]: General error: 1419 You do not have the SUPER privilege and binary logging is enabled (you *might* want to use the less safe log_bin_trust_function_creators variable), query was: CREATE TRIGGER trg_store_after_insert AFTER INSERT ON store FOR EACH ROW
BEGIN
INSERT IGNORE INTO `store_data_exporter_cl` (`entity_id`) VALUES (NEW.`website_id`);
END at /var/www/html/magento2/Magento_Open_Source/vendor/magento/framework/DB/Statement/Pdo/Mysql.php:109)
[previous exception] [object] (PDOException(code: HY000): SQLSTATE[HY000]: General error: 1419 You do not have the SUPER privilege and binary logging is enabled (you *might* want to use the less safe log_bin_trust_function_creators variable) at /var/www/html/magento2/Magento_Open_Source/vendor/magento/framework/DB/Statement/Pdo/Mysql.php:90)"} []
